[20:07:11] [ServerMain/INFO]: [bootstrap] Running Java 21 (OpenJDK 64-Bit Server VM 21.0.9+10-Ubuntu-124.04; Ubuntu null) on Linux 6.8.0-1030-azure (amd64)
[20:07:11] [ServerMain/INFO]: [bootstrap] Loading Paper 1.21.10-117-ver/1.21.10@df4b668 (2025-11-30T22:37:28Z) for Minecraft 1.21.10
[20:07:11] [ServerMain/INFO]: [PluginInitializerManager] Initializing plugins...
[20:07:11] [ServerMain/INFO]: [PluginInitializerManager] Initialized 0 plugins
[20:07:19] [ServerMain/INFO]: Environment: Environment[sessionHost=https://sessionserver.mojang.com, servicesHost=https://api.minecraftservices.com, profilesHost=https://api.mojang.com, name=PROD]
[20:07:19] [ServerMain/INFO]: Found new data pack file/bukkit, loading it automatically
[20:07:19] [ServerMain/INFO]: Found new data pack paper, loading it automatically
[20:07:21] [ServerMain/INFO]: No existing world data, creating new world
[20:07:22] [ServerMain/INFO]: Loaded 1461 recipes
[20:07:22] [ServerMain/INFO]: Loaded 1574 advancements
[20:07:22] [ServerMain/INFO]: [ca.spottedleaf.dataconverter.minecraft.datatypes.MCTypeRegistry] Initialising converters for DataConverter...
[20:07:23] [ServerMain/INFO]: [ca.spottedleaf.dataconverter.minecraft.datatypes.MCTypeRegistry] Finished initialising converters for DataConverter in 591.3ms
[20:07:23] [Server thread/INFO]: Starting minecraft server version 1.21.10
[20:07:23] [Server thread/INFO]: Loading properties
[20:07:23] [Server thread/INFO]: This server is running Paper version 1.21.10-117-ver/1.21.10@df4b668 (2025-11-30T22:37:28Z) (Implementing API version 1.21.10-R0.1-SNAPSHOT)
[20:07:23] [Server thread/INFO]: [spark] This server bundles the spark profiler. For more information please visit https://docs.papermc.io/paper/profiling
[20:07:23] [Server thread/INFO]: Server Ping Player Sample Count: 12
[20:07:23] [Server thread/INFO]: Using 4 threads for Netty based IO
[20:07:25] [Server thread/INFO]: [MoonriseCommon] Paper is using 1 worker threads, 1 I/O threads
[20:07:25] [Server thread/INFO]: Default game type: SURVIVAL
[20:07:25] [Server thread/INFO]: Generating keypair
[20:07:26] [Server thread/INFO]: Starting Minecraft server on *:25565
[20:07:26] [Server thread/INFO]: Using epoll channel type
[20:07:26] [Server thread/INFO]: Paper: Using libdeflate (Linux x86_64) compression from Velocity.
[20:07:26] [Server thread/INFO]: Paper: Using OpenSSL 3.x.x (Linux x86_64) cipher from Velocity.
[20:07:26] [Server thread/INFO]: Server permissions file permissions.yml is empty, ignoring it
[20:07:26] [Server thread/WARN]: **** SERVER IS RUNNING IN OFFLINE/INSECURE MODE!
[20:07:26] [Server thread/WARN]: The server will make no attempt to authenticate usernames. Beware.
[20:07:26] [Server thread/WARN]: While this makes the game possible to play without internet access, it also opens up the ability for hackers to connect with any username they choose.
[20:07:26] [Server thread/WARN]: To change this, set "online-mode" to "true" in the server.properties file.
[20:07:26] [Server thread/INFO]: Preparing level "world"
[20:07:27] [Server thread/INFO]: Selecting spawn point for world 'minecraft:overworld'...
[20:07:39] [Server thread/INFO]: Loading 0 persistent chunks for world 'minecraft:overworld'...
[20:07:39] [Server thread/INFO]: Preparing spawn area: 100%
[20:07:39] [Server thread/INFO]: Prepared spawn area in 12021 ms
[20:07:39] [Server thread/INFO]: Loading 0 persistent chunks for world 'minecraft:the_nether'...
[20:07:39] [Server thread/INFO]: Prepared spawn area in 1 ms
[20:07:39] [Server thread/INFO]: Loading 0 persistent chunks for world 'minecraft:the_end'...
[20:07:39] [Server thread/INFO]: Preparing spawn area: 100%
[20:07:39] [Server thread/INFO]: Prepared spawn area in 1 ms
[20:07:39] [Server thread/INFO]: Done preparing level "world" (12.843s)
[20:07:39] [Server thread/INFO]: [spark] Starting background profiler...
[20:07:39] [Server thread/INFO]: Running delayed init tasks
[20:07:39] [Server thread/INFO]: Done (29.805s)! For help, type "help"
[20:08:36] [User Authenticator #0/INFO]: UUID of player Pablo0_01 is 9358feec-aab3-3c75-9fd5-8b6a8fac1573
[20:08:45] [Server thread/INFO]: Pablo0_01 joined the game
[20:08:45] [Server thread/INFO]: Pablo0_01[/127.97.160.48:38303] logged in with entity id 14 at ([world]5.5, 82.0, -0.5)
[20:09:47] [Server thread/INFO]: Pablo0_01 lost connection: Disconnected
[20:09:47] [Server thread/INFO]: Pablo0_01 left the game
